2022-07-08 00:00:19,397 INFO [root] [base.py (base_find:25] - 正在查找元素('xpath', "//android.widget.LinearLayout/*[contains(@text,'NBA')]")
2022-07-08 00:00:39,918 INFO [root] [base.py (base_find:25] - 正在查找元素('xpath', "//android.widget.LinearLayout/*[contains(@text,'NBA')]")
2022-07-08 00:01:00,292 INFO [root] [base.py (base_find:25] - 正在查找元素('xpath', "//android.widget.LinearLayout/*[contains(@text,'NBA')]")
2022-07-08 00:01:00,862 INFO [root] [base.py (base_find:25] - 正在查找元素('xpath', "//*[@resource-id='com.netease.newsreader.activity:id/oq']")
2022-07-08 00:01:04,498 INFO [root] [base.py (base_find:25] - 正在查找元素('xpath', "//android.support.v7.widget.RecyclerView/*[contains(@text,'湖人')]")
2022-07-08 00:01:25,337 INFO [root] [base.py (base_find:25] - 正在查找元素('xpath', "//android.support.v7.widget.RecyclerView/*[contains(@text,'湖人')]")
2022-07-08 00:01:47,030 INFO [root] [base.py (base_find:25] - 正在查找元素('xpath', "//android.support.v7.widget.RecyclerView/*[contains(@text,'湖人')]")
2022-07-08 00:02:09,504 INFO [root] [base.py (base_find:25] - 正在查找元素('xpath', "//android.support.v7.widget.RecyclerView/*[contains(@text,'湖人')]")
2022-07-08 00:02:31,243 INFO [root] [base.py (base_find:25] - 正在查找元素('xpath', "//android.support.v7.widget.RecyclerView/*[contains(@text,'湖人')]")
2022-07-08 00:02:52,644 INFO [root] [base.py (base_find:25] - 正在查找元素('xpath', "//android.support.v7.widget.RecyclerView/*[contains(@text,'湖人')]")
2022-07-08 00:03:14,235 INFO [root] [base.py (base_find:25] - 正在查找元素('xpath', "//android.support.v7.widget.RecyclerView/*[contains(@text,'湖人')]")
2022-07-08 00:03:35,173 INFO [root] [base.py (base_find:25] - 正在查找元素('xpath', "//android.support.v7.widget.RecyclerView/*[contains(@text,'湖人')]")
2022-07-08 00:03:57,345 INFO [root] [base.py (base_find:25] - 正在查找元素('xpath', "//android.support.v7.widget.RecyclerView/*[contains(@text,'湖人')]")
2022-07-08 00:04:18,139 INFO [root] [base.py (base_find:25] - 正在查找元素('xpath', "//android.support.v7.widget.RecyclerView/*[contains(@text,'湖人')]")
2022-07-08 00:04:39,155 INFO [root] [base.py (base_find:25] - 正在查找元素('xpath', "//android.support.v7.widget.RecyclerView/*[contains(@text,'湖人')]")
2022-07-08 00:05:01,404 INFO [root] [base.py (base_find:25] - 正在查找元素('xpath', "//android.support.v7.widget.RecyclerView/*[contains(@text,'湖人')]")
2022-07-08 00:05:22,745 INFO [root] [base.py (base_find:25] - 正在查找元素('xpath', "//android.support.v7.widget.RecyclerView/*[contains(@text,'湖人')]")
2022-07-08 00:05:44,996 INFO [root] [base.py (base_find:25] - 正在查找元素('xpath', "//android.support.v7.widget.RecyclerView/*[contains(@text,'湖人')]")
2022-07-08 00:06:07,297 INFO [root] [base.py (base_find:25] - 正在查找元素('xpath', "//android.support.v7.widget.RecyclerView/*[contains(@text,'湖人')]")
2022-07-08 00:06:29,584 INFO [root] [base.py (base_find:25] - 正在查找元素('xpath', "//android.support.v7.widget.RecyclerView/*[contains(@text,'湖人')]")
2022-07-08 00:06:51,396 INFO [root] [base.py (base_find:25] - 正在查找元素('xpath', "//android.support.v7.widget.RecyclerView/*[contains(@text,'湖人')]")
2022-07-08 00:07:12,844 INFO [root] [base.py (base_find:25] - 正在查找元素('xpath', "//android.support.v7.widget.RecyclerView/*[contains(@text,'湖人')]")
2022-07-08 00:07:35,657 INFO [root] [base.py (base_find:25] - 正在查找元素('xpath', "//android.support.v7.widget.RecyclerView/*[contains(@text,'湖人')]")
2022-07-08 00:07:58,007 INFO [root] [base.py (base_find:25] - 正在查找元素('xpath', "//android.support.v7.widget.RecyclerView/*[contains(@text,'湖人')]")
2022-07-08 00:08:20,832 INFO [root] [base.py (base_find:25] - 正在查找元素('xpath', "//android.support.v7.widget.RecyclerView/*[contains(@text,'湖人')]")
2022-07-08 00:08:43,856 INFO [root] [base.py (base_find:25] - 正在查找元素('xpath', "//android.support.v7.widget.RecyclerView/*[contains(@text,'湖人')]")
2022-07-08 00:09:06,741 INFO [root] [base.py (base_find:25] - 正在查找元素('xpath', "//android.support.v7.widget.RecyclerView/*[contains(@text,'湖人')]")
2022-07-08 00:09:28,871 INFO [root] [base.py (base_find:25] - 正在查找元素('xpath', "//android.support.v7.widget.RecyclerView/*[contains(@text,'湖人')]")
2022-07-08 00:09:51,507 INFO [root] [base.py (base_find:25] - 正在查找元素('xpath', "//android.support.v7.widget.RecyclerView/*[contains(@text,'湖人')]")
2022-07-08 00:10:13,619 INFO [root] [base.py (base_find:25] - 正在查找元素('xpath', "//android.support.v7.widget.RecyclerView/*[contains(@text,'湖人')]")
2022-07-08 00:10:35,666 INFO [root] [base.py (base_find:25] - 正在查找元素('xpath', "//android.support.v7.widget.RecyclerView/*[contains(@text,'湖人')]")
2022-07-08 00:10:57,026 INFO [root] [base.py (base_find:25] - 正在查找元素('xpath', "//android.support.v7.widget.RecyclerView/*[contains(@text,'湖人')]")
2022-07-08 00:11:19,420 INFO [root] [base.py (base_find:25] - 正在查找元素('xpath', "//android.support.v7.widget.RecyclerView/*[contains(@text,'湖人')]")
2022-07-08 00:11:40,968 INFO [root] [base.py (base_find:25] - 正在查找元素('xpath', "//android.support.v7.widget.RecyclerView/*[contains(@text,'湖人')]")
2022-07-08 00:12:02,868 INFO [root] [base.py (base_find:25] - 正在查找元素('xpath', "//android.support.v7.widget.RecyclerView/*[contains(@text,'湖人')]")
2022-07-08 00:12:23,970 INFO [root] [base.py (base_find:25] - 正在查找元素('xpath', "//android.support.v7.widget.RecyclerView/*[contains(@text,'湖人')]")
2022-07-08 00:12:45,934 INFO [root] [base.py (base_find:25] - 正在查找元素('xpath', "//android.support.v7.widget.RecyclerView/*[contains(@text,'湖人')]")
2022-07-08 00:13:07,392 INFO [root] [base.py (base_find:25] - 正在查找元素('xpath', "//android.support.v7.widget.RecyclerView/*[contains(@text,'湖人')]")
2022-07-08 00:13:29,509 INFO [root] [base.py (base_find:25] - 正在查找元素('xpath', "//android.support.v7.widget.RecyclerView/*[contains(@text,'湖人')]")
2022-07-08 00:13:51,965 INFO [root] [base.py (base_find:25] - 正在查找元素('xpath', "//android.support.v7.widget.RecyclerView/*[contains(@text,'湖人')]")
2022-07-08 21:35:20,048 INFO [root] [base.py (__init__:20] - 正在初始化driver：<appium.webdriver.webdriver.WebDriver (session="722e55b3-6b05-4295-9c58-67ba6932fbde")>
2022-07-08 21:35:20,048 INFO [root] [base.py (__init__:20] - 正在初始化driver：<appium.webdriver.webdriver.WebDriver (session="722e55b3-6b05-4295-9c58-67ba6932fbde")>
2022-07-08 21:35:23,701 INFO [root] [base.py (base_find:25] - 正在查找元素('xpath', "//*[@resource-id='com.netease.newsreader.activity:id/bmz']")
2022-07-08 21:35:26,394 INFO [root] [base.py (base_find:25] - 正在查找元素('xpath', "//android.widget.LinearLayout/*[contains(@text,'北京')]")
2022-07-08 21:35:47,098 INFO [root] [base.py (base_find:25] - 正在查找元素('xpath', "//android.widget.LinearLayout/*[contains(@text,'北京')]")
2022-07-08 21:35:49,069 INFO [root] [base.py (base_find:25] - 正在查找元素('xpath', "//*[@resource-id='com.netease.newsreader.activity:id/oq']")
2022-07-08 21:35:50,819 INFO [root] [base.py (base_find:25] - 正在查找元素('xpath', "//*[contains(@text,'北京')]")
